2025-01-27 20:57:23,646 - INFO - Page accessed: /
2025-01-27 20:57:23,650 - INFO - Page accessed: / by user Anonymous
2025-01-27 20:57:23,727 - INFO - Page accessed: /static/js/Anmeldung/p-a-v.js by user Anonymous
2025-01-27 20:57:23,728 - INFO - Page accessed: /static/css/Anmeldung/style.css by user Anonymous
2025-01-27 20:57:23,728 - INFO - Page accessed: /static/js/Anmeldung/Effekt-Karten.js by user Anonymous
2025-01-27 20:57:23,754 - INFO - Page accessed: /static/Bilder/TechNova/favicon.ico by user Anonymous
2025-01-27 20:57:26,349 - INFO - Page accessed: /
2025-01-27 20:57:26,349 - INFO - Page accessed: / by user Anonymous
2025-01-27 20:57:26,356 - INFO - Page accessed: /static/css/Anmeldung/style.css by user Anonymous
2025-01-27 20:57:26,358 - INFO - Page accessed: /static/js/Anmeldung/p-a-v.js by user Anonymous
2025-01-27 20:57:26,358 - INFO - Page accessed: /static/js/Anmeldung/Effekt-Karten.js by user Anonymous
2025-01-27 20:57:26,364 - INFO - Page accessed: /static/Bilder/TechNova/favicon.ico by user Anonymous
2025-01-28 13:05:49,296 - INFO - Page accessed: /
2025-01-28 13:05:49,304 - INFO - Page accessed: / by user Anonymous
2025-01-28 13:05:49,380 - INFO - Page accessed: /static/css/Anmeldung/style.css by user Anonymous
2025-01-28 13:05:49,381 - INFO - Page accessed: /static/js/Anmeldung/Effekt-Karten.js by user Anonymous
2025-01-28 13:05:49,382 - INFO - Page accessed: /static/js/Anmeldung/p-a-v.js by user Anonymous
2025-01-28 13:11:06,891 - INFO - Page accessed: /
2025-01-28 13:11:06,895 - INFO - Page accessed: / by user Anonymous
2025-01-28 13:11:06,974 - INFO - Page accessed: /static/js/Anmeldung/p-a-v.js by user Anonymous
2025-01-28 13:11:06,975 - INFO - Page accessed: /static/css/Anmeldung/style.css by user Anonymous
2025-01-28 13:11:06,976 - INFO - Page accessed: /static/js/Anmeldung/Effekt-Karten.js by user Anonymous
2025-01-28 13:11:12,202 - INFO - Page accessed: /signup by user Anonymous
2025-01-28 13:11:12,214 - INFO - Page accessed: /static/css/Anmeldung/style.css by user Anonymous
2025-01-28 13:11:12,215 - INFO - Page accessed: /static/css/Anmeldung/r-p-12-64.css by user Anonymous
2025-01-28 13:11:12,217 - INFO - Page accessed: /static/js/Anmeldung/su-p-a-v.js by user Anonymous
2025-01-28 13:11:12,218 - INFO - Page accessed: /static/js/Anmeldung/L-p-g.js by user Anonymous
2025-01-28 13:11:12,218 - INFO - Page accessed: /static/js/Anmeldung/password_checker.js by user Anonymous
2025-01-28 13:11:12,234 - INFO - Page accessed: /password_generator/20 by user Anonymous
2025-01-28 13:11:46,534 - INFO - Page accessed: /password_generator/36 by user Anonymous
2025-01-28 13:11:48,010 - INFO - Page accessed: /password_checker by user Anonymous
2025-01-28 13:11:52,384 - INFO - Page accessed: /signup by user Anonymous
2025-01-28 13:11:52,393 - INFO - Page accessed: /static/css/Error/error.css by user Anonymous
2025-01-28 13:15:50,561 - INFO - Page accessed: /
2025-01-28 13:15:50,566 - INFO - Page accessed: / by user Anonymous
2025-01-28 13:15:50,650 - INFO - Page accessed: /static/css/Anmeldung/style.css by user Anonymous
2025-01-28 13:15:50,650 - INFO - Page accessed: /static/js/Anmeldung/Effekt-Karten.js by user Anonymous
2025-01-28 13:15:50,651 - INFO - Page accessed: /static/js/Anmeldung/p-a-v.js by user Anonymous
2025-01-28 13:15:56,904 - INFO - Page accessed: /signup by user Anonymous
2025-01-28 13:15:56,918 - INFO - Page accessed: /static/css/Anmeldung/style.css by user Anonymous
2025-01-28 13:15:56,920 - INFO - Page accessed: /static/js/Anmeldung/L-p-g.js by user Anonymous
2025-01-28 13:15:56,920 - INFO - Page accessed: /static/js/Anmeldung/password_checker.js by user Anonymous
2025-01-28 13:15:56,921 - INFO - Page accessed: /static/js/Anmeldung/su-p-a-v.js by user Anonymous
2025-01-28 13:15:56,921 - INFO - Page accessed: /static/css/Anmeldung/r-p-12-64.css by user Anonymous
2025-01-28 13:15:56,928 - INFO - Page accessed: /password_generator/20 by user Anonymous
2025-01-28 13:15:59,214 - INFO - Page accessed: /password_generator/43 by user Anonymous
2025-01-28 13:16:01,172 - INFO - Page accessed: /password_checker by user Anonymous
2025-01-28 13:16:45,169 - INFO - Page accessed: /signup by user Anonymous
2025-01-28 13:16:45,172 - INFO - Page accessed: /login by user Anonymous
2025-01-28 13:16:45,186 - INFO - Page accessed: /static/css/Anmeldung/style.css by user Anonymous
2025-01-28 13:16:45,188 - INFO - Page accessed: /static/js/Anmeldung/p-a-v.js by user Anonymous
2025-01-28 13:16:45,188 - INFO - Page accessed: /static/js/Anmeldung/Effekt-Karten.js by user Anonymous
2025-01-28 13:17:20,232 - INFO - Page accessed: /login by user Admin@TechNova.com
2025-01-28 13:17:20,237 - INFO - Page accessed: /dashboard by user Admin@TechNova.com
2025-01-28 13:17:20,254 - INFO - Page accessed: /static/css/Dashboard/dashboard.css by user Admin@TechNova.com
2025-01-28 13:17:20,254 - INFO - Page accessed: /static/css/Dashboard/K-button.css by user Admin@TechNova.com
2025-01-28 13:17:20,255 - INFO - Page accessed: /static/js/Dashboard/Karten.js by user Admin@TechNova.com
2025-01-29 16:35:22,914 - INFO - Page accessed: /
2025-01-29 16:35:22,920 - INFO - Page accessed: / by user Anonymous
2025-01-29 16:35:23,012 - INFO - Page accessed: /static/css/Anmeldung/style.css by user Anonymous
2025-01-29 16:35:23,013 - INFO - Page accessed: /static/js/Anmeldung/p-a-v.js by user Anonymous
2025-01-29 16:35:23,013 - INFO - Page accessed: /static/js/Anmeldung/Effekt-Karten.js by user Anonymous
2025-01-29 16:35:30,312 - INFO - Page accessed: /dashboard by user Anonymous
2025-01-29 16:35:30,579 - INFO - Page accessed: /favicon.ico by user Anonymous
2025-01-29 16:35:51,127 - INFO - Page accessed: /login by user Anonymous
2025-01-29 16:35:51,137 - INFO - Page accessed: /static/css/Anmeldung/style.css by user Anonymous
2025-01-29 16:35:51,141 - INFO - Page accessed: /static/js/Anmeldung/p-a-v.js by user Anonymous
2025-01-29 16:35:51,143 - INFO - Page accessed: /static/js/Anmeldung/Effekt-Karten.js by user Anonymous
2025-01-29 16:35:54,220 - INFO - Page accessed: /signup by user Anonymous
2025-01-29 16:35:54,229 - INFO - Page accessed: /static/css/Anmeldung/style.css by user Anonymous
2025-01-29 16:35:54,230 - INFO - Page accessed: /static/css/Anmeldung/r-p-12-64.css by user Anonymous
2025-01-29 16:35:54,232 - INFO - Page accessed: /static/js/Anmeldung/su-p-a-v.js by user Anonymous
2025-01-29 16:35:54,233 - INFO - Page accessed: /static/js/Anmeldung/L-p-g.js by user Anonymous
2025-01-29 16:35:54,233 - INFO - Page accessed: /static/js/Anmeldung/password_checker.js by user Anonymous
2025-01-29 16:35:54,235 - INFO - Page accessed: /password_generator/20 by user Anonymous
2025-01-29 16:35:59,562 - INFO - Page accessed: /password_checker by user Anonymous
2025-01-29 16:36:04,913 - INFO - Page accessed: /signup by user Anonymous
2025-01-29 16:36:04,916 - INFO - Page accessed: /login by user Anonymous
2025-01-29 16:36:04,930 - INFO - Page accessed: /static/css/Anmeldung/style.css by user Anonymous
2025-01-29 16:36:04,934 - INFO - Page accessed: /static/js/Anmeldung/p-a-v.js by user Anonymous
2025-01-29 16:36:04,934 - INFO - Page accessed: /static/js/Anmeldung/Effekt-Karten.js by user Anonymous
2025-01-29 16:36:09,887 - INFO - Page accessed: /login by user Admin@TechNova.com
2025-01-29 16:36:09,892 - INFO - Page accessed: /dashboard by user Admin@TechNova.com
2025-01-29 16:36:09,905 - INFO - Page accessed: /static/css/Dashboard/dashboard.css by user Admin@TechNova.com
2025-01-29 16:36:09,906 - INFO - Page accessed: /static/css/Dashboard/K-button.css by user Admin@TechNova.com
2025-01-29 16:36:09,907 - INFO - Page accessed: /static/js/Dashboard/Karten.js by user Admin@TechNova.com
2025-01-29 16:36:12,309 - INFO - Page accessed: /bugs by user Admin@TechNova.com
2025-01-29 16:36:12,323 - INFO - Page accessed: /static/css/Bug/Bugs.css by user Admin@TechNova.com
2025-01-29 16:36:12,324 - INFO - Page accessed: /static/js/Bug/Bugs.js by user Admin@TechNova.com
2025-01-29 16:36:16,956 - INFO - Page accessed: /Hilfe by user Admin@TechNova.com
2025-01-29 16:36:16,967 - INFO - Page accessed: /static/css/FAQ/Hilfe.css by user Admin@TechNova.com
2025-01-29 16:36:16,968 - INFO - Page accessed: /static/js/FAQ/Hilfe.js by user Admin@TechNova.com
2025-01-29 16:36:19,248 - INFO - Page accessed: /updates by user Admin@TechNova.com
2025-01-29 16:36:19,260 - INFO - Page accessed: /static/css/Updates/updates.css by user Admin@TechNova.com
2025-01-29 16:36:19,262 - INFO - Page accessed: /static/js/Updates/updates.js by user Admin@TechNova.com
2025-01-29 16:36:29,078 - INFO - Page accessed: /dashboard by user Admin@TechNova.com
2025-01-29 16:36:29,093 - INFO - Page accessed: /static/css/Dashboard/dashboard.css by user Admin@TechNova.com
2025-01-29 16:36:29,094 - INFO - Page accessed: /static/css/Dashboard/K-button.css by user Admin@TechNova.com
2025-01-29 16:36:29,095 - INFO - Page accessed: /static/js/Dashboard/Karten.js by user Admin@TechNova.com
2025-01-29 16:36:30,755 - INFO - Page accessed: /Spaﬂ_Projekt by user Admin@TechNova.com
2025-01-29 16:36:30,766 - INFO - Page accessed: /static/css/Loader/loader_camp.css by user Admin@TechNova.com
2025-01-29 16:36:30,769 - INFO - Page accessed: /static/css/Loader/Footer.css by user Admin@TechNova.com
2025-01-29 16:36:30,769 - INFO - Page accessed: /static/css/Loader/loader_candle.css by user Admin@TechNova.com
2025-01-29 16:38:37,260 - INFO - Page accessed: /Spaﬂ_Projekt by user Admin@TechNova.com
2025-01-29 16:38:37,332 - INFO - Page accessed: /static/css/Loader/loader_camp.css by user Admin@TechNova.com
2025-01-29 16:38:37,351 - INFO - Page accessed: /static/css/Loader/loader_candle.css by user Admin@TechNova.com
2025-01-29 16:38:37,552 - INFO - Page accessed: /static/css/Loader/Footer.css by user Admin@TechNova.com
2025-01-29 16:38:37,583 - INFO - Page accessed: /static/Bilder/TechNova/favicon.ico by user Admin@TechNova.com
2025-01-29 16:41:34,897 - INFO - Page accessed: /dashboard by user Admin@TechNova.com
2025-01-29 16:41:34,951 - INFO - Page accessed: /static/css/Dashboard/dashboard.css by user Admin@TechNova.com
2025-01-29 16:41:34,952 - INFO - Page accessed: /static/css/Dashboard/K-button.css by user Admin@TechNova.com
2025-01-29 16:41:35,138 - INFO - Page accessed: /static/js/Dashboard/Karten.js by user Admin@TechNova.com
2025-01-29 16:41:35,145 - INFO - Page accessed: /static/Bilder/TechNova/favicon.ico by user Admin@TechNova.com
2025-01-29 16:41:36,424 - INFO - Page accessed: /Spaﬂ_Projekt by user Admin@TechNova.com
2025-01-29 16:41:36,761 - INFO - Page accessed: /css/Alltag/alltag.css by user Admin@TechNova.com
2025-01-29 16:41:36,763 - INFO - Page accessed: /js/Alltag/alltag.js by user Admin@TechNova.com
2025-01-29 16:45:17,347 - INFO - Page accessed: /Spaﬂ_Projekt by user Admin@TechNova.com
2025-01-29 16:45:17,423 - INFO - Page accessed: /js/alltag.js by user Admin@TechNova.com
2025-01-29 16:45:17,425 - INFO - Page accessed: /css/alltag.css by user Admin@TechNova.com
2025-01-29 16:45:18,244 - INFO - Page accessed: /Spaﬂ_Projekt by user Admin@TechNova.com
2025-01-29 16:45:18,290 - INFO - Page accessed: /css/alltag.css by user Admin@TechNova.com
2025-01-29 16:45:18,293 - INFO - Page accessed: /js/alltag.js by user Admin@TechNova.com
2025-01-29 16:45:19,191 - INFO - Page accessed: /Spaﬂ_Projekt by user Admin@TechNova.com
2025-01-29 16:45:19,231 - INFO - Page accessed: /css/alltag.css by user Admin@TechNova.com
2025-01-29 16:45:19,243 - INFO - Page accessed: /js/alltag.js by user Admin@TechNova.com
2025-01-29 16:49:21,113 - INFO - Page accessed: /dashboard by user Admin@TechNova.com
2025-01-29 16:49:21,185 - INFO - Page accessed: /static/css/Dashboard/dashboard.css by user Admin@TechNova.com
2025-01-29 16:49:21,186 - INFO - Page accessed: /static/css/Dashboard/K-button.css by user Admin@TechNova.com
2025-01-29 16:49:21,188 - INFO - Page accessed: /static/js/Dashboard/Karten.js by user Admin@TechNova.com
2025-01-29 16:49:21,193 - INFO - Page accessed: /static/Bilder/TechNova/favicon.ico by user Admin@TechNova.com
2025-01-29 16:49:23,235 - INFO - Page accessed: /Spaﬂ_Projekt by user Admin@TechNova.com
2025-01-29 16:49:23,247 - INFO - Page accessed: /static/css/Alltag/alltag.css by user Admin@TechNova.com
2025-01-29 16:49:23,247 - INFO - Page accessed: /static/js/Alltag/alltag.js by user Admin@TechNova.com
2025-01-29 16:56:20,365 - INFO - Page accessed: /Spaﬂ_Projekt by user Admin@TechNova.com
2025-01-29 16:56:20,420 - INFO - Page accessed: /static/css/Alltag/alltag.css by user Admin@TechNova.com
2025-01-29 16:56:20,421 - INFO - Page accessed: /static/js/Alltag/alltag.js by user Admin@TechNova.com
2025-01-29 16:59:25,848 - INFO - Page accessed: /Spaﬂ_Projekt by user Admin@TechNova.com
2025-01-29 16:59:25,900 - INFO - Page accessed: /static/js/Alltag/alltag.js by user Admin@TechNova.com
2025-01-29 16:59:25,901 - INFO - Page accessed: /static/css/Alltag/alltag.css by user Admin@TechNova.com
2025-01-29 17:02:03,784 - INFO - Page accessed: /Spaﬂ_Projekt by user Admin@TechNova.com
2025-01-29 17:02:03,838 - INFO - Page accessed: /static/js/Alltag/alltag.js by user Admin@TechNova.com
2025-01-29 17:02:03,839 - INFO - Page accessed: /static/css/Alltag/alltag.css by user Admin@TechNova.com
2025-01-29 17:07:52,165 - INFO - Page accessed: /Spaﬂ_Projekt by user Admin@TechNova.com
2025-01-29 17:07:52,219 - INFO - Page accessed: /static/js/Alltag/alltag.js by user Admin@TechNova.com
2025-01-29 17:07:52,220 - INFO - Page accessed: /static/css/Alltag/alltag.css by user Admin@TechNova.com
2025-01-29 17:09:08,081 - INFO - Page accessed: /Spaﬂ_Projekt by user Admin@TechNova.com
2025-01-29 17:09:08,132 - INFO - Page accessed: /static/css/Alltag/alltag.css by user Admin@TechNova.com
2025-01-29 17:09:08,133 - INFO - Page accessed: /static/js/Alltag/alltag.js by user Admin@TechNova.com
2025-01-29 17:10:51,252 - INFO - Page accessed: /Spaﬂ_Projekt by user Admin@TechNova.com
2025-01-29 17:10:51,303 - INFO - Page accessed: /static/css/Alltag/alltag.css by user Admin@TechNova.com
2025-01-29 17:10:51,305 - INFO - Page accessed: /static/js/Alltag/alltag.js by user Admin@TechNova.com
2025-01-29 17:10:52,507 - INFO - Page accessed: /Spaﬂ_Projekt by user Admin@TechNova.com
2025-01-29 17:10:52,516 - INFO - Page accessed: /static/css/Alltag/alltag.css by user Admin@TechNova.com
2025-01-29 17:10:52,517 - INFO - Page accessed: /static/js/Alltag/alltag.js by user Admin@TechNova.com
2025-01-29 17:10:54,558 - INFO - Page accessed: /Spaﬂ_Projekt by user Admin@TechNova.com
2025-01-29 17:10:54,566 - INFO - Page accessed: /static/css/Alltag/alltag.css by user Admin@TechNova.com
2025-01-29 17:10:54,568 - INFO - Page accessed: /static/js/Alltag/alltag.js by user Admin@TechNova.com
2025-01-29 17:13:13,946 - INFO - Page accessed: /Spaﬂ_Projekt by user Admin@TechNova.com
2025-01-29 17:13:13,999 - INFO - Page accessed: /static/css/Alltag/alltag.css by user Admin@TechNova.com
2025-01-29 17:13:14,000 - INFO - Page accessed: /static/js/Alltag/alltag.js by user Admin@TechNova.com
2025-01-29 17:14:17,912 - INFO - Page accessed: /Spaﬂ_Projekt by user Admin@TechNova.com
2025-01-29 17:14:17,919 - INFO - Page accessed: /static/css/Alltag/alltag.css by user Admin@TechNova.com
2025-01-29 17:14:17,921 - INFO - Page accessed: /static/js/Alltag/alltag.js by user Admin@TechNova.com
2025-01-29 17:17:39,673 - INFO - Page accessed: /Spaﬂ_Projekt by user Admin@TechNova.com
2025-01-29 17:17:39,724 - INFO - Page accessed: /static/css/Alltag/alltag.css by user Admin@TechNova.com
2025-01-29 17:17:39,724 - INFO - Page accessed: /static/js/Alltag/alltag.js by user Admin@TechNova.com
2025-01-29 17:32:53,949 - INFO - Page accessed: /dashboard by user Admin@TechNova.com
2025-01-29 17:32:53,984 - INFO - Page accessed: /static/css/Error/error.css by user Admin@TechNova.com
2025-01-29 17:32:53,997 - INFO - Page accessed: /static/Bilder/TechNova/favicon.ico by user Admin@TechNova.com
2025-01-29 17:34:43,907 - INFO - Page accessed: /
2025-01-29 17:34:43,913 - INFO - Page accessed: / by user Admin@TechNova.com
2025-01-29 17:34:43,994 - INFO - Page accessed: /static/js/Anmeldung/p-a-v.js by user Admin@TechNova.com
2025-01-29 17:34:43,996 - INFO - Page accessed: /static/css/Anmeldung/style.css by user Admin@TechNova.com
2025-01-29 17:34:43,997 - INFO - Page accessed: /static/js/Anmeldung/Effekt-Karten.js by user Admin@TechNova.com
2025-01-29 17:34:51,443 - INFO - Page accessed: /login by user Admin@TechNova.com
2025-01-29 17:34:51,511 - INFO - Page accessed: /dashboard by user Admin@TechNova.com
2025-01-29 17:34:51,523 - INFO - Page accessed: /static/css/Error/error.css by user Admin@TechNova.com
2025-01-29 17:35:56,744 - INFO - Page accessed: /dashboard by user Admin@TechNova.com
2025-01-29 17:35:56,820 - INFO - Page accessed: /static/css/Dashboard/dashboard.css by user Admin@TechNova.com
2025-01-29 17:35:56,822 - INFO - Page accessed: /static/css/Dashboard/K-button.css by user Admin@TechNova.com
2025-01-29 17:35:56,823 - INFO - Page accessed: /static/js/Dashboard/Karten.js by user Admin@TechNova.com
2025-01-29 17:35:56,832 - INFO - Page accessed: /static/Bilder/TechNova/favicon.ico by user Admin@TechNova.com
2025-01-29 17:36:00,137 - INFO - Page accessed: /search by user Admin@TechNova.com
2025-01-29 17:36:00,149 - INFO - Page accessed: /static/css/guide/style.css by user Admin@TechNova.com
2025-01-29 17:36:00,150 - INFO - Page accessed: /static/js/guide/search.js by user Admin@TechNova.com
2025-01-29 17:39:09,105 - INFO - Page accessed: /search by user Admin@TechNova.com
2025-01-29 17:39:09,157 - INFO - Page accessed: /static/css/guide/style.css by user Admin@TechNova.com
2025-01-29 17:39:09,158 - INFO - Page accessed: /static/js/guide/search.js by user Admin@TechNova.com
2025-01-29 17:43:49,619 - INFO - Page accessed: /search by user Admin@TechNova.com
2025-01-29 17:43:49,672 - INFO - Page accessed: /static/css/guide/style.css by user Admin@TechNova.com
2025-01-29 17:43:49,673 - INFO - Page accessed: /static/js/guide/search.js by user Admin@TechNova.com
2025-01-29 17:44:03,571 - INFO - Page accessed: /static/css/guide/style.css by user Admin@TechNova.com
2025-01-29 17:45:03,454 - INFO - Page accessed: /search by user Admin@TechNova.com
2025-01-29 17:45:03,506 - INFO - Page accessed: /static/css/guide/style.css by user Admin@TechNova.com
2025-01-29 17:45:03,507 - INFO - Page accessed: /static/js/guide/search.js by user Admin@TechNova.com
2025-01-29 17:45:08,331 - INFO - Page accessed: /template/guide/schlafhilfe.html by user Admin@TechNova.com
2025-01-29 17:45:08,343 - INFO - Page accessed: /static/css/Error/error.css by user Admin@TechNova.com
2025-01-29 17:48:38,826 - INFO - Page accessed: /static/css/guide/style.css by user Admin@TechNova.com
2025-01-29 17:48:40,636 - INFO - Page accessed: /template/guide/schlafhilfe.html by user Admin@TechNova.com
2025-01-29 17:48:40,649 - INFO - Page accessed: /static/css/Error/error.css by user Admin@TechNova.com
2025-01-29 17:48:43,731 - INFO - Page accessed: /search by user Admin@TechNova.com
2025-01-29 17:48:43,739 - INFO - Page accessed: /static/css/guide/style.css by user Admin@TechNova.com
2025-01-29 17:48:43,740 - INFO - Page accessed: /static/js/guide/search.js by user Admin@TechNova.com
2025-01-29 17:48:49,710 - INFO - Page accessed: /template/guide/schlafhilfe.html by user Admin@TechNova.com
2025-01-29 17:48:49,721 - INFO - Page accessed: /static/css/Error/error.css by user Admin@TechNova.com
2025-01-29 17:50:51,395 - INFO - Page accessed: /static/css/guide/style.css by user Admin@TechNova.com
2025-01-29 17:50:54,023 - INFO - Page accessed: /dashboard by user Admin@TechNova.com
2025-01-29 17:50:54,031 - INFO - Page accessed: /static/css/Error/error.css by user Admin@TechNova.com
2025-01-29 17:50:54,064 - INFO - Page accessed: /static/Bilder/TechNova/favicon.ico by user Admin@TechNova.com
2025-01-29 17:51:25,956 - INFO - Page accessed: /
2025-01-29 17:51:25,965 - INFO - Page accessed: / by user Admin@TechNova.com
2025-01-29 17:51:26,049 - INFO - Page accessed: /static/css/Anmeldung/style.css by user Admin@TechNova.com
2025-01-29 17:51:26,051 - INFO - Page accessed: /static/js/Anmeldung/p-a-v.js by user Admin@TechNova.com
2025-01-29 17:51:26,051 - INFO - Page accessed: /static/js/Anmeldung/Effekt-Karten.js by user Admin@TechNova.com
2025-01-29 17:51:31,351 - INFO - Page accessed: /login by user Admin@TechNova.com
2025-01-29 17:51:31,412 - INFO - Page accessed: /dashboard by user Admin@TechNova.com
2025-01-29 17:51:31,430 - INFO - Page accessed: /static/css/Error/error.css by user Admin@TechNova.com
2025-01-29 17:53:59,664 - INFO - Page accessed: /static/css/Anmeldung/style.css by user Admin@TechNova.com
2025-01-29 17:54:01,463 - INFO - Page accessed: /login by user Admin@TechNova.com
2025-01-29 17:54:01,470 - INFO - Page accessed: /dashboard by user Admin@TechNova.com
2025-01-29 17:54:01,487 - INFO - Page accessed: /static/css/Dashboard/dashboard.css by user Admin@TechNova.com
2025-01-29 17:54:01,488 - INFO - Page accessed: /static/js/Dashboard/Karten.js by user Admin@TechNova.com
2025-01-29 17:54:01,488 - INFO - Page accessed: /static/css/Dashboard/K-button.css by user Admin@TechNova.com
2025-01-29 17:54:05,841 - INFO - Page accessed: /search by user Admin@TechNova.com
2025-01-29 17:54:05,855 - INFO - Page accessed: /static/css/guide/style.css by user Admin@TechNova.com
2025-01-29 17:54:05,858 - INFO - Page accessed: /static/js/guide/search.js by user Admin@TechNova.com
2025-01-29 17:54:10,177 - INFO - Page accessed: /template/guide/schlafhilfe.html by user Admin@TechNova.com
2025-01-29 17:54:10,190 - INFO - Page accessed: /static/css/Error/error.css by user Admin@TechNova.com
2025-01-29 17:56:20,391 - INFO - Page accessed: /static/css/guide/style.css by user Admin@TechNova.com
2025-01-29 17:56:21,017 - INFO - Page accessed: /search by user Admin@TechNova.com
2025-01-29 17:56:21,026 - INFO - Page accessed: /static/css/guide/style.css by user Admin@TechNova.com
2025-01-29 17:56:21,027 - INFO - Page accessed: /static/js/guide/search.js by user Admin@TechNova.com
2025-01-29 17:56:26,399 - INFO - Page accessed: /guide/schlafhilfe by user Admin@TechNova.com
2025-01-29 17:56:26,414 - INFO - Page accessed: /static/css/guide/style.css by user Admin@TechNova.com
2025-01-29 17:58:35,491 - INFO - Page accessed: /static/css/guide/style.css by user Admin@TechNova.com
2025-01-29 17:58:36,300 - INFO - Page accessed: /static/css/Dashboard/dashboard.css by user Admin@TechNova.com
2025-01-29 17:58:36,301 - INFO - Page accessed: /static/css/Dashboard/K-button.css by user Admin@TechNova.com
2025-01-29 17:58:43,505 - INFO - Page accessed: /dashboard by user Admin@TechNova.com
2025-01-29 17:58:43,582 - INFO - Page accessed: /static/css/Dashboard/K-button.css by user Admin@TechNova.com
2025-01-29 17:58:43,584 - INFO - Page accessed: /static/css/Dashboard/dashboard.css by user Admin@TechNova.com
2025-01-29 17:58:43,585 - INFO - Page accessed: /static/js/Dashboard/Karten.js by user Admin@TechNova.com
2025-01-29 17:58:43,597 - INFO - Page accessed: /static/Bilder/TechNova/favicon.ico by user Admin@TechNova.com
2025-01-29 17:59:07,356 - INFO - Page accessed: /search by user Admin@TechNova.com
2025-01-29 17:59:07,374 - INFO - Page accessed: /static/css/guide/style.css by user Admin@TechNova.com
2025-01-29 17:59:07,376 - INFO - Page accessed: /static/js/guide/search.js by user Admin@TechNova.com
2025-01-29 18:00:48,106 - INFO - Page accessed: /search by user Admin@TechNova.com
2025-01-29 18:00:48,163 - INFO - Page accessed: /static/css/guide/style.css by user Admin@TechNova.com
2025-01-29 18:00:48,163 - INFO - Page accessed: /static/js/guide/search.js by user Admin@TechNova.com
2025-01-29 18:00:59,248 - INFO - Page accessed: /guide/schlafhilfe by user Admin@TechNova.com
2025-01-29 18:00:59,263 - INFO - Page accessed: /static/css/guide/style.css by user Admin@TechNova.com
2025-01-29 18:01:02,638 - INFO - Page accessed: /static/css/guide/style.css by user Admin@TechNova.com
2025-01-29 18:02:17,533 - INFO - Page accessed: /search by user Admin@TechNova.com
2025-01-29 18:02:17,571 - INFO - Page accessed: /static/css/guide/style.css by user Admin@TechNova.com
2025-01-29 18:02:17,793 - INFO - Page accessed: /static/js/guide/search.js by user Admin@TechNova.com
2025-01-29 18:03:53,820 - INFO - Page accessed: /search by user Admin@TechNova.com
2025-01-29 18:03:53,854 - INFO - Page accessed: /static/css/guide/style.css by user Admin@TechNova.com
2025-01-29 18:03:54,080 - INFO - Page accessed: /static/js/guide/search.js by user Admin@TechNova.com
2025-01-29 18:05:38,796 - INFO - Page accessed: /search by user Admin@TechNova.com
2025-01-29 18:05:38,852 - INFO - Page accessed: /static/css/guide/style.css by user Admin@TechNova.com
2025-01-29 18:05:38,853 - INFO - Page accessed: /static/js/guide/search.js by user Admin@TechNova.com
2025-01-29 18:05:47,446 - INFO - Page accessed: /guide/schlafhilfe by user Admin@TechNova.com
2025-01-29 18:05:47,460 - INFO - Page accessed: /static/css/guide/style.css by user Admin@TechNova.com
2025-01-29 21:27:05,405 - INFO - Page accessed: /
2025-01-29 21:27:05,411 - INFO - Page accessed: / by user Anonymous
2025-01-29 21:27:05,495 - INFO - Page accessed: /static/js/Anmeldung/p-a-v.js by user Anonymous
2025-01-29 21:27:05,495 - INFO - Page accessed: /static/css/Anmeldung/style.css by user Anonymous
2025-01-29 21:27:05,496 - INFO - Page accessed: /static/js/Anmeldung/Effekt-Karten.js by user Anonymous
2025-01-29 21:27:16,077 - INFO - Page accessed: /login by user Admin@TechNova.com
2025-01-29 21:27:16,083 - INFO - Page accessed: /dashboard by user Admin@TechNova.com
2025-01-29 21:27:16,095 - INFO - Page accessed: /static/css/Dashboard/dashboard.css by user Admin@TechNova.com
2025-01-29 21:27:16,096 - INFO - Page accessed: /static/css/Dashboard/K-button.css by user Admin@TechNova.com
2025-01-29 21:27:16,097 - INFO - Page accessed: /static/js/Dashboard/Karten.js by user Admin@TechNova.com
2025-01-29 21:27:18,719 - INFO - Page accessed: /search by user Admin@TechNova.com
2025-01-29 21:27:18,730 - INFO - Page accessed: /static/css/guide/style.css by user Admin@TechNova.com
2025-01-29 21:27:18,730 - INFO - Page accessed: /static/js/guide/search.js by user Admin@TechNova.com
2025-01-29 21:27:18,933 - INFO - Page accessed: /favicon.ico by user Admin@TechNova.com
2025-01-29 21:27:51,631 - INFO - Page accessed: /guide/stressabbau by user Admin@TechNova.com
2025-01-29 21:27:51,642 - INFO - Page accessed: /static/css/guide/websites.css by user Admin@TechNova.com
2025-01-29 21:28:39,927 - INFO - Page accessed: /guide/zeiteinteilung by user Admin@TechNova.com
2025-01-29 21:28:39,938 - INFO - Page accessed: /static/css/guide/websites.css by user Admin@TechNova.com
2025-01-29 21:28:47,178 - INFO - Page accessed: /guide/produktivit-im-homeoffice by user Admin@TechNova.com
2025-01-29 21:28:47,190 - INFO - Page accessed: /static/css/Error/error.css by user Admin@TechNova.com
2025-01-29 21:30:34,531 - INFO - Page accessed: /guide/produktivit-im-homeoffice by user Admin@TechNova.com
2025-01-29 21:30:34,566 - INFO - Page accessed: /static/css/Error/error.css by user Admin@TechNova.com
2025-01-29 21:30:34,573 - INFO - Page accessed: /static/Bilder/TechNova/favicon.ico by user Admin@TechNova.com
2025-01-29 21:30:39,663 - INFO - Page accessed: /guide/produktivit-im-homeoffice by user Admin@TechNova.com
2025-01-29 21:30:39,674 - INFO - Page accessed: /static/css/Error/error.css by user Admin@TechNova.com
2025-01-29 21:32:33,549 - INFO - Page accessed: /search by user Admin@TechNova.com
2025-01-29 21:32:33,602 - INFO - Page accessed: /static/css/guide/style.css by user Admin@TechNova.com
2025-01-29 21:32:33,602 - INFO - Page accessed: /static/js/guide/search.js by user Admin@TechNova.com
2025-01-29 21:32:39,913 - INFO - Page accessed: /guide/produktivit‰t_im_homeoffice by user Admin@TechNova.com
2025-01-29 21:32:39,922 - INFO - Page accessed: /static/css/guide/websites.css by user Admin@TechNova.com
2025-01-29 21:32:58,980 - INFO - Page accessed: /search by user Admin@TechNova.com
2025-01-29 21:32:58,990 - INFO - Page accessed: /static/css/guide/style.css by user Admin@TechNova.com
2025-01-29 21:32:58,991 - INFO - Page accessed: /static/js/guide/search.js by user Admin@TechNova.com
2025-01-29 21:42:18,642 - INFO - Page accessed: /search by user Admin@TechNova.com
2025-01-29 21:42:18,651 - INFO - Page accessed: /static/css/guide/style.css by user Admin@TechNova.com
2025-01-29 21:42:18,652 - INFO - Page accessed: /static/js/guide/search.js by user Admin@TechNova.com
2025-01-29 21:42:21,976 - INFO - Page accessed: /search by user Admin@TechNova.com
2025-01-29 21:42:21,984 - INFO - Page accessed: /static/css/guide/style.css by user Admin@TechNova.com
2025-01-29 21:42:21,985 - INFO - Page accessed: /static/js/guide/search.js by user Admin@TechNova.com
2025-01-29 22:00:38,123 - INFO - Page accessed: /search by user Admin@TechNova.com
2025-01-29 22:00:38,130 - INFO - Page accessed: /static/css/guide/style.css by user Admin@TechNova.com
2025-01-29 22:00:38,132 - INFO - Page accessed: /static/js/guide/search.js by user Admin@TechNova.com
2025-01-30 22:06:59,664 - INFO - Page accessed: /
2025-01-30 22:06:59,673 - INFO - Page accessed: / by user Anonymous
2025-01-30 22:06:59,760 - INFO - Page accessed: /static/js/Anmeldung/p-a-v.js by user Anonymous
2025-01-30 22:06:59,761 - INFO - Page accessed: /static/css/Anmeldung/style.css by user Anonymous
2025-01-30 22:06:59,762 - INFO - Page accessed: /static/js/Anmeldung/Effekt-Karten.js by user Anonymous
2025-01-30 22:07:04,325 - INFO - Page accessed: /signup by user Anonymous
2025-01-30 22:07:04,338 - INFO - Page accessed: /static/css/Anmeldung/style.css by user Anonymous
2025-01-30 22:07:04,339 - INFO - Page accessed: /static/css/Anmeldung/r-p-12-64.css by user Anonymous
2025-01-30 22:07:04,339 - INFO - Page accessed: /static/js/Anmeldung/su-p-a-v.js by user Anonymous
2025-01-30 22:07:04,341 - INFO - Page accessed: /static/js/Anmeldung/L-p-g.js by user Anonymous
2025-01-30 22:07:04,342 - INFO - Page accessed: /static/js/Anmeldung/password_checker.js by user Anonymous
2025-01-30 22:07:04,348 - INFO - Page accessed: /password_generator/20 by user Anonymous
2025-01-30 22:07:05,579 - INFO - Page accessed: /password_generator/34 by user Anonymous
2025-01-30 22:07:05,634 - INFO - Page accessed: /password_generator/39 by user Anonymous
2025-01-30 22:07:05,652 - INFO - Page accessed: /password_generator/47 by user Anonymous
2025-01-30 22:07:05,668 - INFO - Page accessed: /password_generator/57 by user Anonymous
2025-01-30 22:07:05,685 - INFO - Page accessed: /password_generator/64 by user Anonymous
2025-01-30 22:07:05,734 - INFO - Page accessed: /password_generator/63 by user Anonymous
2025-01-30 22:07:05,751 - INFO - Page accessed: /password_generator/55 by user Anonymous
2025-01-30 22:07:05,768 - INFO - Page accessed: /password_generator/45 by user Anonymous
2025-01-30 22:07:05,785 - INFO - Page accessed: /password_generator/36 by user Anonymous
2025-01-30 22:07:05,802 - INFO - Page accessed: /password_generator/31 by user Anonymous
2025-01-30 22:07:05,818 - INFO - Page accessed: /password_generator/30 by user Anonymous
2025-01-30 22:07:05,851 - INFO - Page accessed: /password_generator/34 by user Anonymous
2025-01-30 22:07:05,868 - INFO - Page accessed: /password_generator/40 by user Anonymous
2025-01-30 22:07:05,885 - INFO - Page accessed: /password_generator/45 by user Anonymous
2025-01-30 22:07:05,918 - INFO - Page accessed: /password_generator/44 by user Anonymous
2025-01-30 22:07:05,935 - INFO - Page accessed: /password_generator/39 by user Anonymous
2025-01-30 22:07:05,952 - INFO - Page accessed: /password_generator/33 by user Anonymous
2025-01-30 22:07:05,968 - INFO - Page accessed: /password_generator/27 by user Anonymous
2025-01-30 22:07:05,984 - INFO - Page accessed: /password_generator/26 by user Anonymous
2025-01-30 22:07:06,002 - INFO - Page accessed: /password_generator/28 by user Anonymous
2025-01-30 22:07:06,019 - INFO - Page accessed: /password_generator/37 by user Anonymous
2025-01-30 22:07:06,035 - INFO - Page accessed: /password_generator/51 by user Anonymous
2025-01-30 22:07:06,052 - INFO - Page accessed: /password_generator/61 by user Anonymous
2025-01-30 22:07:06,068 - INFO - Page accessed: /password_generator/63 by user Anonymous
2025-01-30 22:07:06,085 - INFO - Page accessed: /password_generator/60 by user Anonymous
2025-01-30 22:07:06,101 - INFO - Page accessed: /password_generator/50 by user Anonymous
2025-01-30 22:07:06,118 - INFO - Page accessed: /password_generator/34 by user Anonymous
2025-01-30 22:07:06,135 - INFO - Page accessed: /password_generator/23 by user Anonymous
2025-01-30 22:07:06,151 - INFO - Page accessed: /password_generator/21 by user Anonymous
2025-01-30 22:07:06,168 - INFO - Page accessed: /password_generator/22 by user Anonymous
2025-01-30 22:07:06,185 - INFO - Page accessed: /password_generator/26 by user Anonymous
2025-01-30 22:07:06,201 - INFO - Page accessed: /password_generator/32 by user Anonymous
2025-01-30 22:07:06,218 - INFO - Page accessed: /password_generator/35 by user Anonymous
2025-01-30 22:07:06,244 - INFO - Page accessed: /password_generator/34 by user Anonymous
2025-01-30 22:07:08,004 - INFO - Page accessed: /login by user Anonymous
2025-01-30 22:07:08,018 - INFO - Page accessed: /static/css/Anmeldung/style.css by user Anonymous
2025-01-30 22:07:08,019 - INFO - Page accessed: /static/js/Anmeldung/p-a-v.js by user Anonymous
2025-01-30 22:07:08,019 - INFO - Page accessed: /static/js/Anmeldung/Effekt-Karten.js by user Anonymous
2025-01-30 22:07:26,951 - INFO - Page accessed: /login by user Admin@TechNova.com
2025-01-30 22:07:26,957 - INFO - Page accessed: /dashboard by user Admin@TechNova.com
2025-01-30 22:07:26,973 - INFO - Page accessed: /static/css/Dashboard/dashboard.css by user Admin@TechNova.com
2025-01-30 22:07:26,974 - INFO - Page accessed: /static/css/Dashboard/K-button.css by user Admin@TechNova.com
2025-01-30 22:07:26,975 - INFO - Page accessed: /static/js/Dashboard/Karten.js by user Admin@TechNova.com
2025-01-31 21:34:43,360 - INFO - Page accessed: /
2025-01-31 21:34:43,366 - INFO - Page accessed: / by user Anonymous
2025-01-31 21:34:43,445 - INFO - Page accessed: /static/css/Anmeldung/style.css by user Anonymous
2025-01-31 21:34:43,445 - INFO - Page accessed: /static/js/Anmeldung/p-a-v.js by user Anonymous
2025-01-31 21:34:43,446 - INFO - Page accessed: /static/js/Anmeldung/Effekt-Karten.js by user Anonymous
2025-01-31 21:35:03,394 - INFO - Page accessed: /login by user Admin@TechNova.com
2025-01-31 21:35:03,399 - INFO - Page accessed: /dashboard by user Admin@TechNova.com
2025-01-31 21:35:03,413 - INFO - Page accessed: /static/css/Dashboard/K-button.css by user Admin@TechNova.com
2025-01-31 21:35:03,414 - INFO - Page accessed: /static/js/Dashboard/Karten.js by user Admin@TechNova.com
2025-01-31 21:35:03,418 - INFO - Page accessed: /static/css/Dashboard/dashboard.css by user Admin@TechNova.com
2025-01-31 21:35:07,988 - INFO - Page accessed: /ai-projekt by user Admin@TechNova.com
2025-01-31 21:35:08,000 - INFO - Page accessed: /static/css/KI/ai-projekt.css by user Admin@TechNova.com
2025-01-31 21:35:08,001 - INFO - Page accessed: /static/css/KI/Aurora-W-Animations.css by user Admin@TechNova.com
2025-01-31 21:35:08,003 - INFO - Page accessed: /static/Bilder/F-Ki/lernen.jfif by user Admin@TechNova.com
2025-01-31 21:35:08,005 - INFO - Page accessed: /static/Bilder/F-Ki/sprachen.jfif by user Admin@TechNova.com
2025-01-31 21:35:08,006 - INFO - Page accessed: /static/js/KI/script.js by user Admin@TechNova.com
2025-01-31 21:35:08,008 - INFO - Page accessed: /static/Bilder/F-Ki/malen.jfif by user Admin@TechNova.com
2025-01-31 21:41:21,710 - INFO - Page accessed: /ai-projekt by user Admin@TechNova.com
2025-01-31 21:41:21,853 - INFO - Page accessed: /static/Bilder/F-Ki/sprachen.jfif by user Admin@TechNova.com
2025-01-31 21:41:21,854 - INFO - Page accessed: /static/css/KI/Aurora-W-Animations.css by user Admin@TechNova.com
2025-01-31 21:41:21,858 - INFO - Page accessed: /static/css/KI/ai-projekt.css by user Admin@TechNova.com
2025-01-31 21:41:21,861 - INFO - Page accessed: /static/Bilder/F-Ki/lernen.jfif by user Admin@TechNova.com
2025-01-31 21:41:21,863 - INFO - Page accessed: /static/Bilder/F-Ki/malen.jfif by user Admin@TechNova.com
2025-01-31 21:41:21,866 - INFO - Page accessed: /static/js/KI/script.js by user Admin@TechNova.com
2025-01-31 21:41:22,405 - INFO - Page accessed: /static/css/KI/{{ url_for("static", filename="Bilder/F-Ki/Inhalte von Aurora.jpg") }} by user Admin@TechNova.com
2025-01-31 21:41:22,409 - INFO - Page accessed: /static/Bilder/TechNova/favicon.ico by user Admin@TechNova.com
2025-01-31 21:43:41,787 - INFO - Page accessed: /ai-projekt by user Admin@TechNova.com
2025-01-31 21:43:41,943 - INFO - Page accessed: /static/css/KI/ai-projekt.css by user Admin@TechNova.com
2025-01-31 21:43:41,948 - INFO - Page accessed: /static/Bilder/F-Ki/sprachen.jfif by user Admin@TechNova.com
2025-01-31 21:43:41,950 - INFO - Page accessed: /static/js/KI/script.js by user Admin@TechNova.com
2025-01-31 21:43:41,950 - INFO - Page accessed: /static/css/KI/Aurora-W-Animations.css by user Admin@TechNova.com
2025-01-31 21:43:41,952 - INFO - Page accessed: /static/Bilder/F-Ki/malen.jfif by user Admin@TechNova.com
2025-01-31 21:43:41,952 - INFO - Page accessed: /static/Bilder/F-Ki/lernen.jfif by user Admin@TechNova.com
2025-01-31 21:43:41,955 - INFO - Page accessed: /static/Bilder/F-Ki/Inhalte von Aurora.jpg by user Admin@TechNova.com
2025-01-31 21:43:41,960 - INFO - Page accessed: /static/Bilder/TechNova/favicon.ico by user Admin@TechNova.com
2025-01-31 21:44:52,849 - INFO - Page accessed: /ai-projekt by user Admin@TechNova.com
2025-01-31 21:44:52,990 - INFO - Page accessed: /static/js/KI/script.js by user Admin@TechNova.com
2025-01-31 21:44:52,997 - INFO - Page accessed: /static/css/KI/ai-projekt.css by user Admin@TechNova.com
2025-01-31 21:44:53,013 - INFO - Page accessed: /static/Bilder/F-Ki/sprachen.jfif by user Admin@TechNova.com
2025-01-31 21:44:53,017 - INFO - Page accessed: /static/css/KI/Aurora-W-Animations.css by user Admin@TechNova.com
2025-01-31 21:44:53,020 - INFO - Page accessed: /static/Bilder/F-Ki/lernen.jfif by user Admin@TechNova.com
2025-01-31 21:44:53,022 - INFO - Page accessed: /static/Bilder/F-Ki/Inhalte von Aurora.jpg by user Admin@TechNova.com
2025-01-31 21:44:53,026 - INFO - Page accessed: /static/Bilder/F-Ki/malen.jfif by user Admin@TechNova.com
2025-01-31 21:44:53,032 - INFO - Page accessed: /static/Bilder/TechNova/favicon.ico by user Admin@TechNova.com
2025-01-31 21:46:36,456 - INFO - Page accessed: /ai-projekt by user Admin@TechNova.com
2025-01-31 21:46:36,603 - INFO - Page accessed: /static/Bilder/F-Ki/lernen.jfif by user Admin@TechNova.com
2025-01-31 21:46:36,606 - INFO - Page accessed: /static/Bilder/F-Ki/malen.jfif by user Admin@TechNova.com
2025-01-31 21:46:36,609 - INFO - Page accessed: /static/js/KI/script.js by user Admin@TechNova.com
2025-01-31 21:46:36,610 - INFO - Page accessed: /static/css/KI/Aurora-W-Animations.css by user Admin@TechNova.com
2025-01-31 21:46:36,611 - INFO - Page accessed: /static/css/KI/ai-projekt.css by user Admin@TechNova.com
2025-01-31 21:46:36,612 - INFO - Page accessed: /static/Bilder/F-Ki/sprachen.jfif by user Admin@TechNova.com
2025-01-31 21:46:36,616 - INFO - Page accessed: /static/Bilder/F-Ki/Inhalte von Aurora.jpg by user Admin@TechNova.com
2025-01-31 21:46:36,622 - INFO - Page accessed: /static/Bilder/TechNova/favicon.ico by user Admin@TechNova.com
2025-01-31 21:49:26,459 - INFO - Page accessed: /ai-projekt by user Admin@TechNova.com
2025-01-31 21:49:26,608 - INFO - Page accessed: /static/css/KI/Aurora-W-Animations.css by user Admin@TechNova.com
2025-01-31 21:49:26,611 - INFO - Page accessed: /static/Bilder/F-Ki/lernen.jfif by user Admin@TechNova.com
2025-01-31 21:49:26,612 - INFO - Page accessed: /static/css/KI/ai-projekt.css by user Admin@TechNova.com
2025-01-31 21:49:26,613 - INFO - Page accessed: /static/Bilder/F-Ki/sprachen.jfif by user Admin@TechNova.com
2025-01-31 21:49:26,614 - INFO - Page accessed: /static/Bilder/F-Ki/malen.jfif by user Admin@TechNova.com
2025-01-31 21:49:26,616 - INFO - Page accessed: /static/js/KI/script.js by user Admin@TechNova.com
2025-01-31 21:49:26,617 - INFO - Page accessed: /static/Bilder/F-Ki/Inhalte von Aurora.jpg by user Admin@TechNova.com
2025-01-31 21:49:26,623 - INFO - Page accessed: /static/Bilder/TechNova/favicon.ico by user Admin@TechNova.com
2025-01-31 21:51:08,644 - INFO - Page accessed: /ai-projekt by user Admin@TechNova.com
2025-01-31 21:51:08,797 - INFO - Page accessed: /static/css/KI/ai-projekt.css by user Admin@TechNova.com
2025-01-31 21:51:08,800 - INFO - Page accessed: /static/css/KI/Aurora-W-Animations.css by user Admin@TechNova.com
2025-01-31 21:51:08,801 - INFO - Page accessed: /static/js/KI/script.js by user Admin@TechNova.com
2025-01-31 21:51:08,802 - INFO - Page accessed: /static/Bilder/F-Ki/lernen.jfif by user Admin@TechNova.com
2025-01-31 21:51:08,804 - INFO - Page accessed: /static/Bilder/F-Ki/malen.jfif by user Admin@TechNova.com
2025-01-31 21:51:08,806 - INFO - Page accessed: /static/Bilder/F-Ki/sprachen.jfif by user Admin@TechNova.com
2025-01-31 21:51:08,807 - INFO - Page accessed: /static/Bilder/F-Ki/Willkommen.jpg by user Admin@TechNova.com
2025-01-31 21:51:08,812 - INFO - Page accessed: /static/Bilder/F-Ki/Inhalte von Aurora.jpg by user Admin@TechNova.com
2025-01-31 21:51:08,820 - INFO - Page accessed: /static/Bilder/TechNova/favicon.ico by user Admin@TechNova.com
2025-01-31 21:52:23,594 - INFO - Page accessed: /dashboard by user Admin@TechNova.com
2025-01-31 21:52:23,608 - INFO - Page accessed: /static/css/Dashboard/dashboard.css by user Admin@TechNova.com
2025-01-31 21:52:23,608 - INFO - Page accessed: /static/css/Dashboard/K-button.css by user Admin@TechNova.com
2025-01-31 21:52:23,610 - INFO - Page accessed: /static/js/Dashboard/Karten.js by user Admin@TechNova.com
2025-01-31 21:55:36,218 - INFO - Page accessed: /dashboard by user Admin@TechNova.com
2025-01-31 21:55:36,294 - INFO - Page accessed: /static/css/Dashboard/K-button.css by user Admin@TechNova.com
2025-01-31 21:55:36,294 - INFO - Page accessed: /static/css/Dashboard/dashboard.css by user Admin@TechNova.com
2025-01-31 21:55:36,296 - INFO - Page accessed: /static/js/Dashboard/Karten.js by user Admin@TechNova.com
2025-01-31 21:55:36,298 - INFO - Page accessed: /static/Bilder/Dashboard/Dashboard.jpg by user Admin@TechNova.com
2025-01-31 21:55:36,305 - INFO - Page accessed: /static/Bilder/TechNova/favicon.ico by user Admin@TechNova.com
2025-01-31 21:58:08,038 - INFO - Page accessed: /dashboard by user Admin@TechNova.com
2025-01-31 21:58:08,115 - INFO - Page accessed: /static/css/Dashboard/dashboard.css by user Admin@TechNova.com
2025-01-31 21:58:08,117 - INFO - Page accessed: /static/css/Dashboard/K-button.css by user Admin@TechNova.com
2025-01-31 21:58:08,117 - INFO - Page accessed: /static/js/Dashboard/Karten.js by user Admin@TechNova.com
2025-01-31 21:58:08,120 - INFO - Page accessed: /static/Bilder/Dashboard/Dashboard.jpeg by user Admin@TechNova.com
2025-01-31 21:58:08,125 - INFO - Page accessed: /static/Bilder/TechNova/favicon.ico by user Admin@TechNova.com
2025-01-31 21:59:04,249 - INFO - Page accessed: /dashboard by user Admin@TechNova.com
2025-01-31 21:59:04,326 - INFO - Page accessed: /static/css/Dashboard/dashboard.css by user Admin@TechNova.com
2025-01-31 21:59:04,327 - INFO - Page accessed: /static/js/Dashboard/Karten.js by user Admin@TechNova.com
2025-01-31 21:59:04,328 - INFO - Page accessed: /static/css/Dashboard/K-button.css by user Admin@TechNova.com
2025-01-31 21:59:04,331 - INFO - Page accessed: /static/Bilder/Dashboard/Dashboard.jpeg by user Admin@TechNova.com
2025-01-31 21:59:04,337 - INFO - Page accessed: /static/Bilder/TechNova/favicon.ico by user Admin@TechNova.com
2025-01-31 22:00:13,297 - INFO - Page accessed: /dashboard by user Admin@TechNova.com
2025-01-31 22:00:13,371 - INFO - Page accessed: /static/css/Dashboard/dashboard.css by user Admin@TechNova.com
2025-01-31 22:00:13,373 - INFO - Page accessed: /static/css/Dashboard/K-button.css by user Admin@TechNova.com
2025-01-31 22:00:13,374 - INFO - Page accessed: /static/js/Dashboard/Karten.js by user Admin@TechNova.com
2025-01-31 22:00:13,376 - INFO - Page accessed: /static/Bilder/Dashboard/Dashboard.jpeg by user Admin@TechNova.com
2025-01-31 22:00:13,381 - INFO - Page accessed: /static/Bilder/TechNova/favicon.ico by user Admin@TechNova.com
2025-01-31 22:02:40,364 - INFO - Page accessed: /ai-projekt by user Admin@TechNova.com
2025-01-31 22:02:40,514 - INFO - Page accessed: /static/css/KI/Aurora-W-Animations.css by user Admin@TechNova.com
2025-01-31 22:02:40,517 - INFO - Page accessed: /static/css/KI/ai-projekt.css by user Admin@TechNova.com
2025-01-31 22:02:40,519 - INFO - Page accessed: /static/Bilder/F-Ki/sprachen.jfif by user Admin@TechNova.com
2025-01-31 22:02:40,522 - INFO - Page accessed: /static/js/KI/script.js by user Admin@TechNova.com
2025-01-31 22:02:40,523 - INFO - Page accessed: /static/Bilder/F-Ki/Willkommen.jpeg by user Admin@TechNova.com
2025-01-31 22:02:40,525 - INFO - Page accessed: /static/Bilder/F-Ki/malen.jfif by user Admin@TechNova.com
2025-01-31 22:02:40,525 - INFO - Page accessed: /static/Bilder/F-Ki/Inhalte von Aurora.jpeg by user Admin@TechNova.com
2025-01-31 22:02:40,526 - INFO - Page accessed: /static/Bilder/F-Ki/lernen.jfif by user Admin@TechNova.com
2025-01-31 22:02:40,533 - INFO - Page accessed: /static/Bilder/TechNova/favicon.ico by user Admin@TechNova.com
2025-01-31 22:05:50,547 - INFO - Page accessed: /ai-projekt by user Admin@TechNova.com
2025-01-31 22:05:50,698 - INFO - Page accessed: /static/css/KI/Aurora-W-Animations.css by user Admin@TechNova.com
2025-01-31 22:05:50,702 - INFO - Page accessed: /static/css/KI/ai-projekt.css by user Admin@TechNova.com
2025-01-31 22:05:50,703 - INFO - Page accessed: /static/js/KI/script.js by user Admin@TechNova.com
2025-01-31 22:05:50,704 - INFO - Page accessed: /static/Bilder/F-Ki/sprachen.jfif by user Admin@TechNova.com
2025-01-31 22:05:50,706 - INFO - Page accessed: /static/Bilder/F-Ki/lernen.jfif by user Admin@TechNova.com
2025-01-31 22:05:50,706 - INFO - Page accessed: /static/Bilder/F-Ki/malen.jfif by user Admin@TechNova.com
2025-01-31 22:05:50,711 - INFO - Page accessed: /static/Bilder/F-Ki/Willkommen.jpeg by user Admin@TechNova.com
2025-01-31 22:05:50,711 - INFO - Page accessed: /static/Bilder/F-Ki/Inhalte von Aurora.jpeg by user Admin@TechNova.com
2025-01-31 22:05:50,712 - INFO - Page accessed: /static/Bilder/Dashboard/Dashboard.jpeg by user Admin@TechNova.com
2025-01-31 22:05:50,717 - INFO - Page accessed: /static/Bilder/TechNova/favicon.ico by user Admin@TechNova.com
2025-01-31 22:05:59,704 - INFO - Page accessed: /Contact/ by user Admin@TechNova.com
2025-01-31 22:05:59,717 - INFO - Page accessed: /static/css/Contact/contact.css by user Admin@TechNova.com
2025-01-31 22:06:06,911 - INFO - Page accessed: /blogpost1 by user Admin@TechNova.com
2025-01-31 22:06:06,924 - INFO - Page accessed: /static/css/KI/blogpost1.css by user Admin@TechNova.com
2025-01-31 22:06:06,926 - INFO - Page accessed: /static/js/KI/blogpost1.js by user Admin@TechNova.com
2025-01-31 22:06:11,847 - INFO - Page accessed: /blogpost3 by user Admin@TechNova.com
2025-01-31 22:06:11,859 - INFO - Page accessed: /static/css/KI/blogpost3.css by user Admin@TechNova.com
2025-01-31 22:06:11,860 - INFO - Page accessed: /static/js/KI/blogpost3.js by user Admin@TechNova.com
2025-01-31 22:06:57,309 - INFO - Page accessed: /Datenschutz by user Admin@TechNova.com
2025-01-31 22:06:57,321 - INFO - Page accessed: /static/css/DSGVO/Datenschutz.css by user Admin@TechNova.com
2025-01-31 22:06:57,323 - INFO - Page accessed: /static/js/DSGVO/Datenschutz.js by user Admin@TechNova.com
2025-01-31 22:06:59,477 - INFO - Page accessed: /NB by user Admin@TechNova.com
2025-01-31 22:06:59,490 - INFO - Page accessed: /static/css/Nutzungsbedingung/NB.css by user Admin@TechNova.com
2025-01-31 22:06:59,490 - INFO - Page accessed: /static/js/Nutzungsbedinung/NB.js by user Admin@TechNova.com
2025-01-31 22:07:03,473 - INFO - Page accessed: /Hilfe by user Admin@TechNova.com
2025-01-31 22:07:03,484 - INFO - Page accessed: /static/css/FAQ/Hilfe.css by user Admin@TechNova.com
2025-01-31 22:07:03,486 - INFO - Page accessed: /static/js/FAQ/Hilfe.js by user Admin@TechNova.com
2025-01-31 22:07:07,002 - INFO - Page accessed: /updates by user Admin@TechNova.com
2025-01-31 22:07:07,016 - INFO - Page accessed: /static/css/Updates/updates.css by user Admin@TechNova.com
2025-01-31 22:07:07,017 - INFO - Page accessed: /static/js/Updates/updates.js by user Admin@TechNova.com
2025-01-31 22:07:40,238 - INFO - Page accessed: /dashboard by user Admin@TechNova.com
2025-01-31 22:07:40,253 - INFO - Page accessed: /static/css/Dashboard/dashboard.css by user Admin@TechNova.com
2025-01-31 22:07:40,255 - INFO - Page accessed: /static/css/Dashboard/K-button.css by user Admin@TechNova.com
2025-01-31 22:07:40,256 - INFO - Page accessed: /static/js/Dashboard/Karten.js by user Admin@TechNova.com
2025-01-31 22:07:40,258 - INFO - Page accessed: /static/Bilder/Dashboard/Dashboard.jpeg by user Admin@TechNova.com
2025-01-31 22:07:43,608 - INFO - Page accessed: /edit_profile/editprofile by user Admin@TechNova.com
2025-01-31 22:07:43,621 - INFO - Page accessed: /static/css/Dashboard/edit_profile.css by user Admin@TechNova.com
2025-01-31 22:07:43,623 - INFO - Page accessed: /static/js/Dashboard/K-R-PC.js by user Admin@TechNova.com
2025-01-31 22:07:45,394 - INFO - Page accessed: /dashboard by user Admin@TechNova.com
2025-01-31 22:07:45,408 - INFO - Page accessed: /static/css/Dashboard/dashboard.css by user Admin@TechNova.com
2025-01-31 22:07:45,410 - INFO - Page accessed: /static/css/Dashboard/K-button.css by user Admin@TechNova.com
2025-01-31 22:07:45,412 - INFO - Page accessed: /static/js/Dashboard/Karten.js by user Admin@TechNova.com
2025-01-31 22:07:45,412 - INFO - Page accessed: /static/Bilder/Dashboard/Dashboard.jpeg by user Admin@TechNova.com
2025-01-31 22:08:02,911 - INFO - Page accessed: /logout by user Anonymous
2025-01-31 22:08:02,916 - INFO - Page accessed: /login by user Anonymous
2025-01-31 22:08:02,929 - INFO - Page accessed: /static/css/Anmeldung/style.css by user Anonymous
2025-01-31 22:08:02,929 - INFO - Page accessed: /static/js/Anmeldung/p-a-v.js by user Anonymous
2025-01-31 22:08:02,931 - INFO - Page accessed: /static/js/Anmeldung/Effekt-Karten.js by user Anonymous
2025-01-31 22:08:07,626 - INFO - Page accessed: /signup by user Anonymous
2025-01-31 22:08:07,640 - INFO - Page accessed: /static/css/Anmeldung/style.css by user Anonymous
2025-01-31 22:08:07,643 - INFO - Page accessed: /static/css/Anmeldung/r-p-12-64.css by user Anonymous
2025-01-31 22:08:07,644 - INFO - Page accessed: /static/js/Anmeldung/su-p-a-v.js by user Anonymous
2025-01-31 22:08:07,645 - INFO - Page accessed: /static/js/Anmeldung/L-p-g.js by user Anonymous
2025-01-31 22:08:07,646 - INFO - Page accessed: /static/js/Anmeldung/password_checker.js by user Anonymous
2025-01-31 22:08:07,651 - INFO - Page accessed: /password_generator/20 by user Anonymous
2025-01-31 22:11:49,414 - INFO - Page accessed: /signup by user Anonymous
2025-01-31 22:11:49,532 - INFO - Page accessed: /static/css/Anmeldung/r-p-12-64.css by user Anonymous
2025-01-31 22:11:49,535 - INFO - Page accessed: /static/css/Anmeldung/style.css by user Anonymous
2025-01-31 22:11:49,540 - INFO - Page accessed: /static/js/Anmeldung/su-p-a-v.js by user Anonymous
2025-01-31 22:11:49,541 - INFO - Page accessed: /static/js/Anmeldung/L-p-g.js by user Anonymous
2025-01-31 22:11:49,542 - INFO - Page accessed: /static/js/Anmeldung/password_checker.js by user Anonymous
2025-01-31 22:11:49,544 - INFO - Page accessed: /password_generator/20 by user Anonymous
2025-01-31 22:11:49,547 - INFO - Page accessed: /static/Bilder/TechNova/favicon.ico by user Anonymous
2025-01-31 22:12:39,798 - INFO - Page accessed: /signup by user Anonymous
2025-01-31 22:12:39,923 - INFO - Page accessed: /static/css/Anmeldung/r-p-12-64.css by user Anonymous
2025-01-31 22:12:39,925 - INFO - Page accessed: /static/css/Anmeldung/style.css by user Anonymous
2025-01-31 22:12:39,926 - INFO - Page accessed: /static/js/Anmeldung/su-p-a-v.js by user Anonymous
2025-01-31 22:12:39,927 - INFO - Page accessed: /static/js/Anmeldung/L-p-g.js by user Anonymous
2025-01-31 22:12:39,928 - INFO - Page accessed: /static/js/Anmeldung/password_checker.js by user Anonymous
2025-01-31 22:12:39,932 - INFO - Page accessed: /password_generator/20 by user Anonymous
2025-01-31 22:12:39,935 - INFO - Page accessed: /static/Bilder/TechNova/favicon.ico by user Anonymous
2025-01-31 22:16:58,442 - INFO - Page accessed: /signup by user Anonymous
2025-01-31 22:16:58,556 - INFO - Page accessed: /static/css/Anmeldung/r-p-12-64.css by user Anonymous
2025-01-31 22:16:58,558 - INFO - Page accessed: /static/css/Anmeldung/style.css by user Anonymous
2025-01-31 22:16:58,563 - INFO - Page accessed: /static/js/Anmeldung/su-p-a-v.js by user Anonymous
2025-01-31 22:16:58,565 - INFO - Page accessed: /static/js/Anmeldung/L-p-g.js by user Anonymous
2025-01-31 22:16:58,566 - INFO - Page accessed: /static/js/Anmeldung/password_checker.js by user Anonymous
2025-01-31 22:16:58,569 - INFO - Page accessed: /password_generator/20 by user Anonymous
2025-01-31 22:16:58,572 - INFO - Page accessed: /static/Bilder/TechNova/favicon.ico by user Anonymous
2025-01-31 22:17:00,657 - INFO - Page accessed: /login by user Anonymous
2025-01-31 22:17:00,669 - INFO - Page accessed: /static/css/Anmeldung/style.css by user Anonymous
2025-01-31 22:17:00,672 - INFO - Page accessed: /static/js/Anmeldung/p-a-v.js by user Anonymous
2025-01-31 22:17:00,673 - INFO - Page accessed: /static/js/Anmeldung/Effekt-Karten.js by user Anonymous
2025-01-31 22:17:00,673 - INFO - Page accessed: /static/Bilder/Anmeldung/Login.jpeg by user Anonymous
2025-01-31 22:18:17,860 - INFO - Page accessed: /signup by user Anonymous
2025-01-31 22:18:17,870 - INFO - Page accessed: /static/css/Anmeldung/style.css by user Anonymous
2025-01-31 22:18:17,872 - INFO - Page accessed: /static/css/Anmeldung/r-p-12-64.css by user Anonymous
2025-01-31 22:18:17,872 - INFO - Page accessed: /static/js/Anmeldung/su-p-a-v.js by user Anonymous
2025-01-31 22:18:17,873 - INFO - Page accessed: /static/js/Anmeldung/L-p-g.js by user Anonymous
2025-01-31 22:18:17,874 - INFO - Page accessed: /static/js/Anmeldung/password_checker.js by user Anonymous
2025-01-31 22:18:17,877 - INFO - Page accessed: /password_generator/20 by user Anonymous
2025-01-31 22:18:20,799 - INFO - Page accessed: /login by user Anonymous
2025-01-31 22:18:20,812 - INFO - Page accessed: /static/css/Anmeldung/style.css by user Anonymous
2025-01-31 22:18:20,814 - INFO - Page accessed: /static/js/Anmeldung/p-a-v.js by user Anonymous
2025-01-31 22:18:20,815 - INFO - Page accessed: /static/js/Anmeldung/Effekt-Karten.js by user Anonymous
2025-01-31 22:18:20,815 - INFO - Page accessed: /static/Bilder/Anmeldung/Login.jpeg by user Anonymous
2025-01-31 22:22:37,393 - INFO - Page accessed: /login by user Anonymous
2025-01-31 22:22:37,467 - INFO - Page accessed: /static/js/Anmeldung/p-a-v.js by user Anonymous
2025-01-31 22:22:37,468 - INFO - Page accessed: /static/js/Anmeldung/Effekt-Karten.js by user Anonymous
2025-01-31 22:22:37,469 - INFO - Page accessed: /static/css/Anmeldung/style.css by user Anonymous
2025-01-31 22:22:37,473 - INFO - Page accessed: /static/Bilder/Anmeldung/Login.jpeg by user Anonymous
2025-01-31 22:22:37,479 - INFO - Page accessed: /static/Bilder/TechNova/favicon.ico by user Anonymous
2025-01-31 22:23:39,555 - INFO - Page accessed: /login by user Anonymous
2025-01-31 22:23:39,629 - INFO - Page accessed: /static/css/Anmeldung/style.css by user Anonymous
2025-01-31 22:23:39,630 - INFO - Page accessed: /static/js/Anmeldung/p-a-v.js by user Anonymous
2025-01-31 22:23:39,631 - INFO - Page accessed: /static/js/Anmeldung/Effekt-Karten.js by user Anonymous
2025-01-31 22:23:39,633 - INFO - Page accessed: /static/Bilder/Anmeldung/Login.jpeg by user Anonymous
2025-01-31 22:23:39,644 - INFO - Page accessed: /static/Bilder/TechNova/favicon.ico by user Anonymous
2025-01-31 22:23:48,296 - INFO - Page accessed: /signup by user Anonymous
2025-01-31 22:23:48,307 - INFO - Page accessed: /static/css/Anmeldung/style.css by user Anonymous
2025-01-31 22:23:48,309 - INFO - Page accessed: /static/css/Anmeldung/r-p-12-64.css by user Anonymous
2025-01-31 22:23:48,310 - INFO - Page accessed: /static/js/Anmeldung/L-p-g.js by user Anonymous
2025-01-31 22:23:48,310 - INFO - Page accessed: /static/js/Anmeldung/su-p-a-v.js by user Anonymous
2025-01-31 22:23:48,311 - INFO - Page accessed: /static/js/Anmeldung/password_checker.js by user Anonymous
2025-01-31 22:23:48,314 - INFO - Page accessed: /password_generator/20 by user Anonymous
2025-01-31 22:24:25,586 - INFO - Page accessed: /signup by user Anonymous
2025-01-31 22:24:25,707 - INFO - Page accessed: /static/css/Anmeldung/r-p-12-64.css by user Anonymous
2025-01-31 22:24:25,711 - INFO - Page accessed: /static/css/Anmeldung/style.css by user Anonymous
2025-01-31 22:24:25,712 - INFO - Page accessed: /static/js/Anmeldung/su-p-a-v.js by user Anonymous
2025-01-31 22:24:25,713 - INFO - Page accessed: /static/js/Anmeldung/L-p-g.js by user Anonymous
2025-01-31 22:24:25,714 - INFO - Page accessed: /static/js/Anmeldung/password_checker.js by user Anonymous
2025-01-31 22:24:25,715 - INFO - Page accessed: /static/Bilder/Anmeldung/Login.jpeg by user Anonymous
2025-01-31 22:24:25,716 - INFO - Page accessed: /password_generator/20 by user Anonymous
2025-01-31 22:24:25,720 - INFO - Page accessed: /static/Bilder/TechNova/favicon.ico by user Anonymous
2025-01-31 22:24:27,798 - INFO - Page accessed: /login by user Anonymous
2025-01-31 22:24:27,807 - INFO - Page accessed: /static/css/Anmeldung/style.css by user Anonymous
2025-01-31 22:24:27,809 - INFO - Page accessed: /static/js/Anmeldung/p-a-v.js by user Anonymous
2025-01-31 22:24:27,809 - INFO - Page accessed: /static/js/Anmeldung/Effekt-Karten.js by user Anonymous
2025-01-31 22:24:27,810 - INFO - Page accessed: /static/Bilder/Anmeldung/Login.jpeg by user Anonymous
2025-01-31 22:24:28,989 - INFO - Page accessed: /signup by user Anonymous
2025-01-31 22:24:29,002 - INFO - Page accessed: /static/css/Anmeldung/style.css by user Anonymous
2025-01-31 22:24:29,004 - INFO - Page accessed: /static/css/Anmeldung/r-p-12-64.css by user Anonymous
2025-01-31 22:24:29,005 - INFO - Page accessed: /static/js/Anmeldung/su-p-a-v.js by user Anonymous
2025-01-31 22:24:29,005 - INFO - Page accessed: /static/js/Anmeldung/L-p-g.js by user Anonymous
2025-01-31 22:24:29,007 - INFO - Page accessed: /static/js/Anmeldung/password_checker.js by user Anonymous
2025-01-31 22:24:29,007 - INFO - Page accessed: /static/Bilder/Anmeldung/Login.jpeg by user Anonymous
2025-01-31 22:24:29,012 - INFO - Page accessed: /password_generator/20 by user Anonymous
2025-01-31 22:24:31,668 - INFO - Page accessed: /login by user Anonymous
2025-01-31 22:24:31,679 - INFO - Page accessed: /static/css/Anmeldung/style.css by user Anonymous
2025-01-31 22:24:31,681 - INFO - Page accessed: /static/js/Anmeldung/p-a-v.js by user Anonymous
2025-01-31 22:24:31,682 - INFO - Page accessed: /static/js/Anmeldung/Effekt-Karten.js by user Anonymous
2025-01-31 22:24:31,683 - INFO - Page accessed: /static/Bilder/Anmeldung/Login.jpeg by user Anonymous
2025-01-31 22:24:37,623 - INFO - Page accessed: /login by user Admin@TechNova.com
2025-01-31 22:24:37,628 - INFO - Page accessed: /dashboard by user Admin@TechNova.com
2025-01-31 22:24:37,642 - INFO - Page accessed: /static/css/Dashboard/dashboard.css by user Admin@TechNova.com
2025-01-31 22:24:37,644 - INFO - Page accessed: /static/js/Dashboard/Karten.js by user Admin@TechNova.com
2025-01-31 22:24:37,644 - INFO - Page accessed: /static/css/Dashboard/K-button.css by user Admin@TechNova.com
2025-01-31 22:24:37,646 - INFO - Page accessed: /static/Bilder/Dashboard/Dashboard.jpeg by user Admin@TechNova.com
2025-01-31 22:24:42,919 - INFO - Page accessed: /search by user Admin@TechNova.com
2025-01-31 22:24:42,933 - INFO - Page accessed: /static/css/guide/style.css by user Admin@TechNova.com
2025-01-31 22:24:42,933 - INFO - Page accessed: /static/js/guide/search.js by user Admin@TechNova.com
2025-01-31 22:24:50,705 - INFO - Page accessed: /bugs by user Admin@TechNova.com
2025-01-31 22:24:50,718 - INFO - Page accessed: /static/css/Bug/Bugs.css by user Admin@TechNova.com
2025-01-31 22:24:50,720 - INFO - Page accessed: /static/js/Bug/Bugs.js by user Admin@TechNova.com
2025-01-31 22:25:00,688 - INFO - Page accessed: /edit_profile/editprofile by user Admin@TechNova.com
2025-01-31 22:25:00,702 - INFO - Page accessed: /static/css/Dashboard/edit_profile.css by user Admin@TechNova.com
2025-01-31 22:25:00,702 - INFO - Page accessed: /static/js/Dashboard/K-R-PC.js by user Admin@TechNova.com
2025-01-31 22:25:05,143 - INFO - Page accessed: /dashboard by user Admin@TechNova.com
2025-01-31 22:25:05,154 - INFO - Page accessed: /static/css/Dashboard/dashboard.css by user Admin@TechNova.com
2025-01-31 22:25:05,158 - INFO - Page accessed: /static/css/Dashboard/K-button.css by user Admin@TechNova.com
2025-01-31 22:25:05,159 - INFO - Page accessed: /static/Bilder/Dashboard/Dashboard.jpeg by user Admin@TechNova.com
2025-01-31 22:25:05,160 - INFO - Page accessed: /static/js/Dashboard/Karten.js by user Admin@TechNova.com
2025-01-31 22:25:06,880 - INFO - Page accessed: /ai-projekt by user Admin@TechNova.com
2025-01-31 22:25:06,891 - INFO - Page accessed: /static/css/KI/ai-projekt.css by user Admin@TechNova.com
2025-01-31 22:25:06,896 - INFO - Page accessed: /static/css/KI/Aurora-W-Animations.css by user Admin@TechNova.com
2025-01-31 22:25:06,896 - INFO - Page accessed: /static/Bilder/F-Ki/sprachen.jfif by user Admin@TechNova.com
2025-01-31 22:25:06,899 - INFO - Page accessed: /static/Bilder/F-Ki/malen.jfif by user Admin@TechNova.com
2025-01-31 22:25:06,900 - INFO - Page accessed: /static/Bilder/F-Ki/lernen.jfif by user Admin@TechNova.com
2025-01-31 22:25:06,901 - INFO - Page accessed: /static/js/KI/script.js by user Admin@TechNova.com
2025-01-31 22:25:06,902 - INFO - Page accessed: /static/Bilder/F-Ki/Willkommen.jpeg by user Admin@TechNova.com
2025-01-31 22:25:06,902 - INFO - Page accessed: /static/Bilder/F-Ki/Inhalte von Aurora.jpeg by user Admin@TechNova.com
2025-01-31 22:25:06,904 - INFO - Page accessed: /static/Bilder/Dashboard/Dashboard.jpeg by user Admin@TechNova.com
2025-01-31 22:28:22,013 - INFO - Page accessed: /
2025-01-31 22:28:22,022 - INFO - Page accessed: / by user Admin@TechNova.com
2025-01-31 22:28:22,106 - INFO - Page accessed: /static/css/Anmeldung/style.css by user Admin@TechNova.com
2025-01-31 22:28:22,107 - INFO - Page accessed: /static/js/Anmeldung/p-a-v.js by user Admin@TechNova.com
2025-01-31 22:28:22,108 - INFO - Page accessed: /static/js/Anmeldung/Effekt-Karten.js by user Admin@TechNova.com
2025-01-31 22:28:22,110 - INFO - Page accessed: /static/Bilder/Anmeldung/Login.jpeg by user Admin@TechNova.com
2025-01-31 22:28:34,002 - INFO - Page accessed: /login by user Admin@TechNova.com
2025-01-31 22:28:34,007 - INFO - Page accessed: /dashboard by user Admin@TechNova.com
2025-01-31 22:28:34,019 - INFO - Page accessed: /static/css/Dashboard/dashboard.css by user Admin@TechNova.com
2025-01-31 22:28:34,022 - INFO - Page accessed: /static/css/Dashboard/K-button.css by user Admin@TechNova.com
2025-01-31 22:28:34,022 - INFO - Page accessed: /static/js/Dashboard/Karten.js by user Admin@TechNova.com
2025-01-31 22:28:34,024 - INFO - Page accessed: /static/Bilder/Dashboard/Dashboard.jpeg by user Admin@TechNova.com
