2025-01-24 22:36:06,925 - WARNING - Failed login attempt with email: Admin@server.cz
2025-01-26 23:20:48,129 - WARNING - Failed login attempt with email: Admin@server.cz
2025-01-26 23:20:52,991 - WARNING - Failed login attempt with email: Admin@server.cz
2025-01-26 23:20:55,392 - WARNING - Failed login attempt with email: Admin@server.cz
2025-01-26 23:20:59,207 - WARNING - Failed login attempt with email: Admin@server.cz
2025-01-26 23:21:20,409 - WARNING - Account locked for Admin@server.cz due to too many failed login attempts.
2025-01-26 23:23:01,295 - WARNING - Failed login attempt with email: Admin@server.de
2025-01-26 23:23:03,624 - WARNING - Failed login attempt with email: Admin@server.de
2025-01-26 23:23:05,394 - WARNING - Failed login attempt with email: Admin@server.de
2025-01-26 23:23:08,179 - WARNING - Failed login attempt with email: Admin@server.de
2025-01-26 23:23:10,041 - WARNING - Account locked for Admin@server.de due to too many failed login attempts.
2025-01-26 23:24:34,912 - WARNING - Account locked for Admin@server.de, still within lock time.
2025-01-26 23:24:39,772 - WARNING - Account locked for Admin@server.de, still within lock time.
2025-01-26 23:24:43,434 - WARNING - Account locked for Admin@server.de, still within lock time.
2025-01-26 23:24:55,829 - WARNING - Account locked for Admin@server.de, still within lock time.
2025-01-26 23:25:59,239 - WARNING - Account locked for Admin@server.de, still within lock time.
2025-01-26 23:27:12,651 - WARNING - Account locked for Admin@server.cz, still within lock time.
2025-01-26 23:27:29,863 - WARNING - Failed login attempt with email: Leck@eier.com
2025-01-26 23:27:46,452 - WARNING - Failed login attempt with email: Leck@eier.com
2025-01-26 23:27:53,071 - WARNING - Failed login attempt with email: Leck@eier.com
2025-01-26 23:27:54,717 - WARNING - Failed login attempt with email: Leck@eier.com
2025-01-26 23:27:56,264 - WARNING - Failed login attempt with email: Leck@eier.com
2025-01-26 23:27:58,478 - WARNING - Account locked for Leck@eier.com due to too many failed login attempts.
2025-01-26 23:28:32,649 - WARNING - Account locked for Leck@eier.com, still within lock time.
2025-01-27 14:09:32,252 - WARNING - Failed login attempt with email: Asi@hs.com
