2025-01-31 22:08:02,910 - INFO - User Admin@TechNova.com logged out.
2025-02-01 15:38:44,206 - INFO - User Admin@TechNova.com logged out.
2025-02-01 16:05:02,954 - INFO - User Admin@TechNova.com logged out.
2025-02-02 01:21:32,693 - INFO - User Admin@TechNova.com logged out.
2025-02-02 01:23:59,389 - INFO - User Admin@TechNova.com logged out.
2025-02-02 01:24:32,265 - INFO - User Admin@TechNova.com logged out.
2025-02-02 01:25:10,740 - INFO - User Admin@TechNova.com logged out.
2025-02-02 22:10:17,774 - INFO - User Admin@TechNova.com logged out.
2025-02-04 21:30:16,219 - INFO - User sven9micha37@gmail.com logged out.
2025-02-04 21:34:30,679 - INFO - User sven9micha37@gmail.com logged out.
2025-02-04 21:41:03,444 - INFO - User sven9micha37@gmail.com logged out.
2025-02-04 21:50:20,533 - INFO - User sven9micha37@gmail.com logged out.
2025-02-04 21:55:08,077 - INFO - User sven9micha37@gmail.com logged out.
2025-02-08 14:23:03,586 - INFO - User Admin@TechNova.de logged out.
2025-02-08 14:33:56,289 - INFO - User Admin@TechNova.de logged out.
2025-02-09 21:30:41,504 - INFO - User Technova@nova.cz logged out.
2025-02-09 22:04:34,939 - INFO - User Technova@nova.cz logged out.
2025-02-09 22:06:08,648 - INFO - User Technova@server.de logged out.
2025-02-12 16:52:42,529 - INFO - User Technova@server.cz logged out.
2025-02-12 17:36:28,889 - INFO - User Technova@server.cz logged out.
2025-02-12 21:35:28,353 - INFO - User Technova@server.cz logged out.
2025-02-12 21:40:51,410 - INFO - User Technova@server.cz logged out.
2025-02-12 21:45:47,805 - INFO - User Technova@nova.cz logged out.
2025-02-12 21:53:16,621 - INFO - User Admin@TechNova.de logged out.
2025-02-12 21:54:58,603 - INFO - User sven9micha37@gmail.com logged out.
2025-02-12 22:07:17,351 - INFO - User sven9micha37@gmail.com logged out.
2025-02-12 22:15:39,972 - INFO - User sven9micha37@gmail.com logged out.
2025-02-13 16:29:12,783 - INFO - User sven9micha37@gmail.com logged out.
2025-02-13 17:02:57,392 - INFO - User sven9micha37@gmail.com logged out.
2025-02-13 17:25:20,738 - INFO - User sven9micha37@gmail.com logged out.
2025-02-13 17:25:55,437 - INFO - User Admin@TechNova.de logged out.
2025-02-13 17:32:21,127 - INFO - User sven9micha37@gmail.com logged out.
2025-02-13 17:35:28,304 - INFO - User Admin@TechNova.de logged out.
2025-02-13 17:45:14,869 - INFO - User Admin@TechNova.de logged out.
2025-02-13 17:54:35,970 - INFO - User sven9micha37@gmail.com logged out.
2025-02-13 17:58:08,454 - INFO - User Admin@TechNova.de logged out.
2025-02-13 18:08:40,968 - INFO - User Technova@nova.cz logged out.
2025-02-13 18:12:08,191 - INFO - User Technova@server.cz logged out.
2025-02-13 19:27:31,238 - INFO - User Admin@TechNova.de logged out.
2025-02-13 21:36:33,865 - INFO - User Technova@server.cz logged out.
2025-02-15 17:20:33,049 - INFO - User Admin@TechNova.de logged out.
2025-02-15 17:39:24,889 - INFO - User Admin@TechNova.de logged out.
2025-02-15 17:45:03,757 - INFO - User sven9micha37@gmail.com logged out.
2025-02-15 17:46:59,414 - INFO - User Technova@nova.cz logged out.
2025-02-15 17:56:07,022 - INFO - User Technova@nova.cz logged out.
2025-02-15 18:01:02,892 - INFO - User Technova@server.cz logged out.
2025-02-15 18:14:46,423 - INFO - User Gast@gast.com logged out.
2025-02-16 21:23:55,188 - INFO - User User@testuser.de logged out.
2025-02-18 17:33:09,983 - INFO - User Admin@TechNova.de logged out.
2025-02-20 15:51:24,418 - INFO - User sven9micha37@gmail.com logged out.
2025-02-20 16:59:02,594 - INFO - User sven9micha37@gmail.com logged out.
2025-02-21 17:17:36,487 - INFO - User sven9micha37@gmail.com logged out.
2025-02-21 21:29:19,703 - INFO - User Technova@nova.cz logged out.
2025-02-21 21:32:04,085 - INFO - User Technova@server.cz logged out.
2025-02-21 21:32:48,040 - INFO - User Technova@server.cz logged out.
2025-03-01 20:06:24,638 - INFO - User Technova@server.cz logged out.
2025-03-01 20:08:11,488 - INFO - User Technova@server.cz logged out.
2025-03-01 20:41:34,412 - INFO - User Technova@server.cz logged out.
2025-03-01 20:42:58,201 - INFO - User sven9micha37@gmail.com logged out.
2025-03-01 20:43:59,910 - INFO - User Test@Tester.com logged out.
2025-03-01 20:51:44,399 - INFO - User sven9micha37@gmail.com logged out.
2025-03-03 12:55:41,556 - INFO - User Test@Tester.com logged out.
2025-03-03 12:57:56,151 - INFO - User Technova@nova.cz logged out.
2025-03-03 12:58:57,093 - INFO - User Admin@TechNova.de logged out.
2025-03-03 13:08:10,186 - INFO - User jafiAFJA@gam.con logged out.
2025-03-03 23:31:31,265 - INFO - User Admin@Test.com logged out.
2025-03-04 00:07:01,589 - INFO - User Admin@Test.com logged out.
2025-03-04 10:20:07,589 - INFO - User Admin@Test.com logged out.
2025-03-04 10:43:52,677 - INFO - User Admin@Test.com logged out.
2025-03-04 10:46:47,255 - INFO - User Admin@Test.com logged out.
2025-03-04 10:53:09,332 - INFO - User jafiAFJA@gam.con logged out.
