2025-01-28 13:16:45,169 - INFO - New user signed up: Admin@TechNova.com
2025-01-29 16:36:04,913 - INFO - New user signed up: Admin@TechNova.com
2025-02-02 20:28:32,268 - INFO - New user signed up: Admin@TechNova.com
2025-02-04 15:20:40,102 - INFO - New user signed up: Admin@TechNova.de
2025-02-04 19:08:04,277 - INFO - New user signed up: sven9micha37@gmail.com
2025-02-04 21:45:23,763 - INFO - New user signed up: sven9micha37@gmail.com
2025-02-04 22:02:46,422 - INFO - New user signed up: sven9micha37@gmail.com
2025-02-06 21:29:13,491 - INFO - New user signed up: Admin@TechNova.de
2025-02-08 14:36:09,209 - INFO - New user signed up: Technova@nova.cz
2025-02-09 21:58:00,871 - INFO - New user signed up: Technova@nova.cz
2025-02-09 21:59:01,579 - INFO - New user signed up: Technova@nova.cz
2025-02-09 22:02:41,719 - INFO - New user signed up: Technova@nova.cz
2025-02-09 22:05:06,814 - INFO - New user signed up: Technova@nova.de
2025-02-12 16:41:07,048 - INFO - New user signed up: Admin@team.com
2025-02-12 21:45:19,335 - INFO - New user signed up: Technova@nova.cz
2025-02-12 21:45:59,878 - INFO - New user signed up: Admin@TechNova.de
2025-02-12 21:53:31,248 - INFO - New user signed up: sven9micha37@gmail.com
2025-02-12 22:06:59,438 - INFO - New user signed up: sven9micha37@gmail.com
2025-02-12 22:12:30,997 - INFO - New user signed up: sven9micha37@gmail.com
2025-02-12 22:15:55,216 - INFO - New user signed up: Admin@TechNova.de
2025-02-13 17:06:45,418 - INFO - New user signed up: Technova@nova.cz
2025-02-13 17:08:57,978 - INFO - New user signed up: sven9micha37@gmail.com
2025-02-13 17:25:31,998 - INFO - New user signed up: Admin@TechNova.de
2025-02-13 17:45:29,795 - INFO - New user signed up: Technova@nova.cz
2025-02-13 17:49:52,399 - INFO - New user signed up: Admin@TechNova.de
2025-02-13 17:50:05,347 - INFO - New user signed up: sven9micha37@gmail.com
2025-02-13 17:58:24,590 - INFO - New user signed up: Technova@nova.cz
2025-02-13 18:08:53,641 - INFO - New user signed up: Technova@server.cz
2025-02-15 17:10:11,568 - INFO - New user signed up: Admin@TechNova.de
2025-02-15 17:21:33,005 - INFO - New user signed up: sven9micha37@gmail.com
2025-02-15 17:29:32,413 - INFO - New user signed up: Admin@TechNova.de
2025-02-15 17:39:58,766 - INFO - New user signed up: sven9micha37@gmail.com
2025-02-15 17:45:27,542 - INFO - New user signed up: Technova@nova.cz
2025-02-15 17:56:33,579 - INFO - New user signed up: Technova@server.cz
2025-02-15 18:01:42,783 - INFO - New user signed up: Gast@gast.com
2025-02-15 18:15:36,087 - INFO - New user signed up: User@testuser.de
2025-02-17 20:22:31,553 - INFO - New user signed up: Admin@TechNova.de
2025-02-17 20:33:58,291 - INFO - New user signed up: Admin@TechNova.de
2025-02-17 20:40:55,041 - INFO - New user signed up: sven9micha37@gmail.com
2025-02-17 20:42:13,756 - INFO - New user signed up: Admin@TechNova.de
2025-02-17 20:46:36,386 - INFO - New user signed up: sven9micha37@gmail.com
2025-02-18 17:15:55,630 - INFO - New user signed up: Admin@TechNova.de
2025-02-18 17:20:08,819 - INFO - New user signed up: Admin@TechNova.de
2025-02-18 17:48:34,305 - INFO - New user signed up: sven9micha37@gmail.com
2025-02-21 21:24:39,224 - INFO - New user signed up: Technova@nova.cz
2025-02-21 21:29:36,752 - INFO - New user signed up: Technova@server.cz
2025-03-01 20:43:38,936 - INFO - New user signed up: Test@Tester.com
2025-03-03 12:59:17,542 - INFO - New user signed up: jafiAFJA@gam.con
2025-03-03 13:08:42,154 - INFO - New user signed up: Admin@Test.com
2025-03-05 23:01:24,514 - INFO - New user signed up: ad@sdf.cs
